<?xml version="1.0" encoding="UTF-8"?>
<coverage generated="1459008032">
  <project timestamp="1459008032">
    <package name="Php7Cov">
      <file name="/var/www/php7_coverage/src/main/Php7Cov/SampleCoverage.php">
        <class name="SampleCoverage" namespace="Php7Cov">
          <metrics complexity="9" methods="3" coveredmethods="2" conditionals="0" coveredconditionals="0" statements="22" coveredstatements="13" elements="25" coveredelements="15"/>
        </class>
        <class name="" namespace="Php7Cov">
          <metrics complexity="2" methods="2" coveredmethods="2" conditionals="0" coveredconditionals="0" statements="3" coveredstatements="3" elements="5" coveredelements="5"/>
        </class>
        <line num="19" type="method" name="getName" visibility="public" complexity="1" crap="1.55" count="1"/>
        <line num="21" type="stmt" count="1"/>
        <line num="22" type="stmt" count="0"/>
        <line num="23" type="stmt" count="0"/>
        <line num="24" type="stmt" count="0"/>
        <line num="25" type="stmt" count="0"/>
        <line num="26" type="stmt" count="0"/>
        <line num="27" type="stmt" count="0"/>
        <line num="28" type="stmt" count="0"/>
        <line num="29" type="stmt" count="0"/>
        <line num="30" type="stmt" count="0"/>
        <line num="31" type="stmt" count="1"/>
        <line num="52" type="method" name="__construct" visibility="public" complexity="1" crap="1" count="1"/>
        <line num="54" type="stmt" count="1"/>
        <line num="55" type="stmt" count="1"/>
        <line num="57" type="method" name="getValue" visibility="public" complexity="1" crap="1" count="1"/>
        <line num="59" type="stmt" count="1"/>
        <line num="64" type="stmt" count="1"/>
        <line num="65" type="stmt" count="1"/>
        <line num="68" type="stmt" count="1"/>
        <line num="85" type="method" name="executeGenerator" visibility="public" complexity="5" crap="5" count="2"/>
        <line num="93" type="stmt" count="2"/>
        <line num="96" type="stmt" count="2"/>
        <line num="97" type="stmt" count="2"/>
        <line num="102" type="stmt" count="2"/>
        <line num="103" type="stmt" count="2"/>
        <line num="105" type="stmt" count="2"/>
        <line num="109" type="method" name="anonymous function" complexity="2" crap="2" count="2"/>
        <line num="110" type="stmt" count="2"/>
        <line num="112" type="stmt" count="2"/>
        <line num="113" type="stmt" count="2"/>
        <line num="116" type="stmt" count="2"/>
        <line num="117" type="stmt" count="2"/>
        <line num="119" type="stmt" count="2"/>
        <line num="120" type="stmt" count="2"/>
        <line num="121" type="stmt" count="2"/>
        <line num="125" type="stmt" count="2"/>
        <line num="126" type="stmt" count="1"/>
        <line num="129" type="stmt" count="2"/>
        <metrics loc="131" ncloc="73" classes="2" methods="5" coveredmethods="4" conditionals="0" coveredconditionals="0" statements="34" coveredstatements="25" elements="39" coveredelements="29"/>
      </file>
    </package>
    <metrics files="1" loc="131" ncloc="73" classes="2" methods="5" coveredmethods="4" conditionals="0" coveredconditionals="0" statements="34" coveredstatements="25" elements="39" coveredelements="29"/>
  </project>
</coverage>
